Started GET "/" for ::1 at 2024-02-25 10:15:11 +0300
  [1m[35m (4.5ms)[0m  [1m[35mCREATE TABLE "schema_migrations" ("version" varchar NOT NULL PRIMARY KEY)[0m
  [1m[35m (0.4ms)[0m  [1m[35mCREATE TABLE "ar_internal_metadata" ("key" varchar NOT NULL PRIMARY KEY, "value" varchar, "created_at" datetime(6) NOT NULL, "updated_at" datetime(6) NOT NULL)[0m
  [1m[36mActiveRecord::SchemaMigration Load (0.1ms)[0m  [1m[34mSELECT "schema_migrations"."version" FROM "schema_migrations" ORDER BY "schema_migrations"."version" ASC[0m
Processing by Rails::WelcomeController#index as HTML
  Rendering /usr/local/rvm/gems/ruby-3.0.0/gems/railties-7.1.3.2/lib/rails/templates/rails/welcome/index.html.erb
  Rendered /usr/local/rvm/gems/ruby-3.0.0/gems/railties-7.1.3.2/lib/rails/templates/rails/welcome/index.html.erb (Duration: 1.6ms | Allocations: 524)
Completed 200 OK in 37ms (Views: 14.5ms | ActiveRecord: 0.0ms | Allocations: 9295)


Started GET "/" for ::1 at 2024-02-26 14:32:14 +0300
  [1m[36mActiveRecord::SchemaMigration Load (0.2ms)[0m  [1m[34mSELECT "schema_migrations"."version" FROM "schema_migrations" ORDER BY "schema_migrations"."version" ASC[0m
Processing by Rails::WelcomeController#index as HTML
  Rendering /usr/local/rvm/gems/ruby-3.0.0/gems/railties-7.1.3.2/lib/rails/templates/rails/welcome/index.html.erb
  Rendered /usr/local/rvm/gems/ruby-3.0.0/gems/railties-7.1.3.2/lib/rails/templates/rails/welcome/index.html.erb (Duration: 1.1ms | Allocations: 524)
Completed 200 OK in 24ms (Views: 7.8ms | ActiveRecord: 0.0ms | Allocations: 6441)


Started GET "/" for ::1 at 2024-02-26 14:44:10 +0300
  [1m[36mActiveRecord::SchemaMigration Load (0.2ms)[0m  [1m[34mSELECT "schema_migrations"."version" FROM "schema_migrations" ORDER BY "schema_migrations"."version" ASC[0m
Processing by Rails::WelcomeController#index as HTML
  Rendering /usr/local/rvm/gems/ruby-3.0.0/gems/railties-7.1.3.2/lib/rails/templates/rails/welcome/index.html.erb
  Rendered /usr/local/rvm/gems/ruby-3.0.0/gems/railties-7.1.3.2/lib/rails/templates/rails/welcome/index.html.erb (Duration: 1.5ms | Allocations: 524)
Completed 200 OK in 24ms (Views: 8.2ms | ActiveRecord: 0.0ms | Allocations: 6445)


[ActionCable] Broadcasting to hotwire-reload: {:changed=>["/home/mose/Videos/videos/Projects/pdf-drive/app/views/layouts/application.html.erb"], :force_reload=>false}
[ActionCable] Broadcasting to hotwire-reload: {:changed=>["/home/mose/Videos/videos/Projects/pdf-drive/app/views/layouts/application.html.erb"], :force_reload=>false}
[ActionCable] Broadcasting to hotwire-reload: {:changed=>["/home/mose/Videos/videos/Projects/pdf-drive/app/views/layouts/application.html.erb"], :force_reload=>false}
[ActionCable] Broadcasting to hotwire-reload: {:changed=>["/home/mose/Videos/videos/Projects/pdf-drive/app/views/layouts/application.html.erb"], :force_reload=>false}
[ActionCable] Broadcasting to hotwire-reload: {:changed=>["/home/mose/Videos/videos/Projects/pdf-drive/app/views/layouts/application.html.erb"], :force_reload=>false}
[ActionCable] Broadcasting to hotwire-reload: {:changed=>["/home/mose/Videos/videos/Projects/pdf-drive/app/views/layouts/application.html.erb"], :force_reload=>false}
[ActionCable] Broadcasting to hotwire-reload: {:changed=>["/home/mose/Videos/videos/Projects/pdf-drive/app/views/layouts/application.html.erb"], :force_reload=>false}
[ActionCable] Broadcasting to hotwire-reload: {:changed=>["/home/mose/Videos/videos/Projects/pdf-drive/app/views/layouts/application.html.erb"], :force_reload=>false}
Started GET "/" for ::1 at 2024-02-26 14:45:23 +0300
Processing by Rails::WelcomeController#index as HTML
  Rendering /usr/local/rvm/gems/ruby-3.0.0/gems/railties-7.1.3.2/lib/rails/templates/rails/welcome/index.html.erb
  Rendered /usr/local/rvm/gems/ruby-3.0.0/gems/railties-7.1.3.2/lib/rails/templates/rails/welcome/index.html.erb (Duration: 1.8ms | Allocations: 443)
Completed 200 OK in 4ms (Views: 3.3ms | ActiveRecord: 0.0ms | Allocations: 1360)


[ActionCable] Broadcasting to hotwire-reload: {:changed=>["/home/mose/Videos/videos/Projects/pdf-drive/app/views/layouts/application.html.erb"], :force_reload=>false}
[ActionCable] Broadcasting to hotwire-reload: {:changed=>["/home/mose/Videos/videos/Projects/pdf-drive/app/views/books/index.html.erb", "/home/mose/Videos/videos/Projects/pdf-drive/app/views/books/edit.html.erb", "/home/mose/Videos/videos/Projects/pdf-drive/app/views/books/show.html.erb", "/home/mose/Videos/videos/Projects/pdf-drive/app/view...
Started GET "/" for ::1 at 2024-02-26 15:29:55 +0300
  [1m[36mActiveRecord::SchemaMigration Load (0.1ms)[0m  [1m[34mSELECT "schema_migrations"."version" FROM "schema_migrations" ORDER BY "schema_migrations"."version" ASC[0m
  
ActiveRecord::PendingMigrationError (

Migrations are pending. To resolve this issue, run:

        bin/rails db:migrate

You have 1 pending migration:

db/migrate/20240226121924_create_books.rb


):
  
activerecord (7.1.3.2) lib/active_record/migration.rb:755:in `check_pending_migrations'
activerecord (7.1.3.2) lib/active_record/migration.rb:644:in `block (2 levels) in call'
activesupport (7.1.3.2) lib/active_support/file_update_checker.rb:85:in `execute'
activesupport (7.1.3.2) lib/active_support/file_update_checker.rb:95:in `execute_if_updated'
activerecord (7.1.3.2) lib/active_record/migration.rb:651:in `block in call'
activerecord (7.1.3.2) lib/active_record/migration.rb:641:in `synchronize'
activerecord (7.1.3.2) lib/active_record/migration.rb:641:in `call'
actionpack (7.1.3.2) lib/action_dispatch/middleware/callbacks.rb:29:in `block in call'
activesupport (7.1.3.2) lib/active_support/callbacks.rb:101:in `run_callbacks'
actionpack (7.1.3.2) lib/action_dispatch/middleware/callbacks.rb:28:in `call'
actionpack (7.1.3.2) lib/action_dispatch/middleware/executor.rb:14:in `call'
actionpack (7.1.3.2) lib/action_dispatch/middleware/actionable_exceptions.rb:16:in `call'
actionpack (7.1.3.2) lib/action_dispatch/middleware/debug_exceptions.rb:29:in `call'
web-console (4.2.1) lib/web_console/middleware.rb:132:in `call_app'
web-console (4.2.1) lib/web_console/middleware.rb:28:in `block in call'
web-console (4.2.1) lib/web_console/middleware.rb:17:in `catch'
web-console (4.2.1) lib/web_console/middleware.rb:17:in `call'
actionpack (7.1.3.2) lib/action_dispatch/middleware/show_exceptions.rb:31:in `call'
railties (7.1.3.2) lib/rails/rack/logger.rb:37:in `call_app'
railties (7.1.3.2) lib/rails/rack/logger.rb:24:in `block in call'
activesupport (7.1.3.2) lib/active_support/tagged_logging.rb:135:in `block in tagged'
activesupport (7.1.3.2) lib/active_support/tagged_logging.rb:39:in `tagged'
activesupport (7.1.3.2) lib/active_support/tagged_logging.rb:135:in `tagged'
activesupport (7.1.3.2) lib/active_support/broadcast_logger.rb:240:in `method_missing'
railties (7.1.3.2) lib/rails/rack/logger.rb:24:in `call'
sprockets-rails (3.4.2) lib/sprockets/rails/quiet_assets.rb:13:in `call'
actionpack (7.1.3.2) lib/action_dispatch/middleware/remote_ip.rb:92:in `call'
actionpack (7.1.3.2) lib/action_dispatch/middleware/request_id.rb:28:in `call'
rack (3.0.9.1) lib/rack/method_override.rb:28:in `call'
rack (3.0.9.1) lib/rack/runtime.rb:24:in `call'
activesupport (7.1.3.2) lib/active_support/cache/strategy/local_cache_middleware.rb:29:in `call'
actionpack (7.1.3.2) lib/action_dispatch/middleware/server_timing.rb:59:in `block in call'
actionpack (7.1.3.2) lib/action_dispatch/middleware/server_timing.rb:24:in `collect_events'
actionpack (7.1.3.2) lib/action_dispatch/middleware/server_timing.rb:58:in `call'
actionpack (7.1.3.2) lib/action_dispatch/middleware/executor.rb:14:in `call'
actionpack (7.1.3.2) lib/action_dispatch/middleware/static.rb:25:in `call'
rack (3.0.9.1) lib/rack/sendfile.rb:114:in `call'
actionpack (7.1.3.2) lib/action_dispatch/middleware/host_authorization.rb:141:in `call'
railties (7.1.3.2) lib/rails/engine.rb:536:in `call'
puma (6.4.2) lib/puma/configuration.rb:272:in `call'
puma (6.4.2) lib/puma/request.rb:100:in `block in handle_request'
puma (6.4.2) lib/puma/thread_pool.rb:378:in `with_force_shutdown'
puma (6.4.2) lib/puma/request.rb:99:in `handle_request'
puma (6.4.2) lib/puma/server.rb:464:in `process_client'
puma (6.4.2) lib/puma/server.rb:245:in `block in run'
puma (6.4.2) lib/puma/thread_pool.rb:155:in `block in spawn_thread'
  [1m[36mActiveRecord::InternalMetadata Load (0.2ms)[0m  [1m[34mSELECT * FROM "ar_internal_metadata" WHERE "ar_internal_metadata"."key" = ? ORDER BY "ar_internal_metadata"."key" ASC LIMIT 1[0m  [[nil, "environment"]]
  [1m[36mActiveRecord::InternalMetadata Create (4.9ms)[0m  [1m[32mINSERT INTO "ar_internal_metadata" ("key", "value", "created_at", "updated_at") VALUES ('environment', 'development', '2024-02-26 12:30:10.018224', '2024-02-26 12:30:10.018229') RETURNING "key"[0m
  [1m[36mActiveRecord::SchemaMigration Load (0.1ms)[0m  [1m[34mSELECT "schema_migrations"."version" FROM "schema_migrations" ORDER BY "schema_migrations"."version" ASC[0m
Migrating to CreateBooks (20240226121924)
  [1m[36mTRANSACTION (0.1ms)[0m  [1m[36mbegin transaction[0m
  [1m[35m (1.1ms)[0m  [1m[35mCREATE TABLE "books" ("id" integer PRIMARY KEY AUTOINCREMENT NOT NULL, "name" varchar, "description" varchar, "created_at" datetime(6) NOT NULL, "updated_at" datetime(6) NOT NULL)[0m
  [1m[36mActiveRecord::SchemaMigration Create (0.2ms)[0m  [1m[32mINSERT INTO "schema_migrations" ("version") VALUES ('20240226121924') RETURNING "version"[0m
  [1m[36mTRANSACTION (0.1ms)[0m  [1m[36mcommit transaction[0m
  [1m[36mActiveRecord::SchemaMigration Load (0.1ms)[0m  [1m[34mSELECT "schema_migrations"."version" FROM "schema_migrations" ORDER BY "schema_migrations"."version" ASC[0m
Started GET "/" for ::1 at 2024-02-26 15:30:14 +0300
  [1m[36mActiveRecord::SchemaMigration Load (0.1ms)[0m  [1m[34mSELECT "schema_migrations"."version" FROM "schema_migrations" ORDER BY "schema_migrations"."version" ASC[0m
Processing by BooksController#index as HTML
  Rendering layout layouts/application.html.erb
  Rendering books/index.html.erb within layouts/application
  [1m[36mBook Load (0.1ms)[0m  [1m[34mSELECT "books".* FROM "books"[0m
  ↳ app/views/books/index.html.erb:6
  Rendered books/index.html.erb within layouts/application (Duration: 8.2ms | Allocations: 1946)
  Rendered /usr/local/rvm/gems/ruby-3.0.0/gems/hotwire-livereload-1.3.1/app/views/hotwire/livereload/_head_action_cable.html.erb (Duration: 2.4ms | Allocations: 838)
  Rendered layout layouts/application.html.erb (Duration: 407.2ms | Allocations: 102760)
Completed 200 OK in 439ms (Views: 406.7ms | ActiveRecord: 2.7ms | Allocations: 117206)


Started GET "/cable" for ::1 at 2024-02-26 15:30:14 +0300
Started GET "/cable" [WebSocket] for ::1 at 2024-02-26 15:30:15 +0300
Successfully upgraded to WebSocket (REQUEST_METHOD: GET, HTTP_CONNECTION: Upgrade, HTTP_UPGRADE: websocket)
Hotwire::Livereload::ReloadChannel is transmitting the subscription confirmation
Hotwire::Livereload::ReloadChannel is streaming from hotwire-reload
Started GET "/books/new" for ::1 at 2024-02-26 15:30:15 +0300
Processing by BooksController#new as HTML
  Rendering layout layouts/application.html.erb
  Rendering books/new.html.erb within layouts/application
  Rendered books/_form.html.erb (Duration: 20.3ms | Allocations: 5897)
  Rendered books/new.html.erb within layouts/application (Duration: 21.8ms | Allocations: 6188)
  Rendered /usr/local/rvm/gems/ruby-3.0.0/gems/hotwire-livereload-1.3.1/app/views/hotwire/livereload/_head_action_cable.html.erb (Duration: 1.2ms | Allocations: 753)
  Rendered layout layouts/application.html.erb (Duration: 25.5ms | Allocations: 8158)
Completed 200 OK in 71ms (Views: 26.4ms | ActiveRecord: 0.8ms | Allocations: 82651)


Started GET "/books/new" for ::1 at 2024-02-26 15:30:16 +0300
Processing by BooksController#new as HTML
  Rendering layout layouts/application.html.erb
  Rendering books/new.html.erb within layouts/application
  Rendered books/_form.html.erb (Duration: 1.9ms | Allocations: 1186)
  Rendered books/new.html.erb within layouts/application (Duration: 2.2ms | Allocations: 1261)
  Rendered /usr/local/rvm/gems/ruby-3.0.0/gems/hotwire-livereload-1.3.1/app/views/hotwire/livereload/_head_action_cable.html.erb (Duration: 1.3ms | Allocations: 753)
  Rendered layout layouts/application.html.erb (Duration: 5.9ms | Allocations: 3227)
Completed 200 OK in 8ms (Views: 6.7ms | ActiveRecord: 0.0ms | Allocations: 3557)


Started GET "/books" for ::1 at 2024-02-26 15:30:44 +0300
Processing by BooksController#index as HTML
  Rendering layout layouts/application.html.erb
  Rendering books/index.html.erb within layouts/application
  [1m[36mBook Load (0.1ms)[0m  [1m[34mSELECT "books".* FROM "books"[0m
  ↳ app/views/books/index.html.erb:6
  Rendered books/index.html.erb within layouts/application (Duration: 2.6ms | Allocations: 1169)
  Rendered /usr/local/rvm/gems/ruby-3.0.0/gems/hotwire-livereload-1.3.1/app/views/hotwire/livereload/_head_action_cable.html.erb (Duration: 1.1ms | Allocations: 754)
  Rendered layout layouts/application.html.erb (Duration: 6.1ms | Allocations: 3149)
Completed 200 OK in 8ms (Views: 6.8ms | ActiveRecord: 0.1ms | Allocations: 3486)


Started POST "/books" for ::1 at 2024-02-26 15:30:44 +0300
Processing by BooksController#create as TURBO_STREAM
  Parameters: {"authenticity_token"=>"[FILTERED]", "book"=>{"name"=>" digital design digital design digital design principles & practices  digital design digital design digital design principles & practices", "description"=>"some description"}, "commit"=>"Create Book"}
  [1m[36mTRANSACTION (0.1ms)[0m  [1m[36mbegin transaction[0m
  ↳ app/controllers/books_controller.rb:27:in `block in create'
  [1m[36mBook Create (1.4ms)[0m  [1m[32mINSERT INTO "books" ("name", "description", "created_at", "updated_at") VALUES (?, ?, ?, ?) RETURNING "id"[0m  [["name", " digital design digital design digital design principles & practices  digital design digital design digital design principles & practices"], ["description", "some description"], ["created_at", "2024-02-26 12:30:44.795478"], ["updated_at", "2024-02-26 12:30:44.795478"]]
  ↳ app/controllers/books_controller.rb:27:in `block in create'
  [1m[36mTRANSACTION (4.5ms)[0m  [1m[36mcommit transaction[0m
  ↳ app/controllers/books_controller.rb:27:in `block in create'
Redirected to http://localhost:3000/books/1
Completed 302 Found in 12ms (ActiveRecord: 6.0ms | Allocations: 3980)


Started GET "/books/1" for ::1 at 2024-02-26 15:30:44 +0300
Processing by BooksController#show as TURBO_STREAM
  Parameters: {"id"=>"1"}
  [1m[36mBook Load (0.2ms)[0m  [1m[34mSELECT "books".* FROM "books" WHERE "books"."id" = ? LIMIT ?[0m  [["id", 1], ["LIMIT", 1]]
  ↳ app/controllers/books_controller.rb:63:in `set_book'
  Rendering layout layouts/application.html.erb
  Rendering books/show.html.erb within layouts/application
  Rendered books/_book.html.erb (Duration: 0.5ms | Allocations: 207)
  Rendered books/show.html.erb within layouts/application (Duration: 4.2ms | Allocations: 1722)
  Rendered /usr/local/rvm/gems/ruby-3.0.0/gems/hotwire-livereload-1.3.1/app/views/hotwire/livereload/_head_action_cable.html.erb (Duration: 0.9ms | Allocations: 753)
  Rendered layout layouts/application.html.erb (Duration: 7.6ms | Allocations: 3684)
Completed 200 OK in 15ms (Views: 8.4ms | ActiveRecord: 0.2ms | Allocations: 6897)


Started GET "/books" for ::1 at 2024-02-26 15:30:45 +0300
Processing by BooksController#index as HTML
  Rendering layout layouts/application.html.erb
  Rendering books/index.html.erb within layouts/application
  [1m[36mBook Load (0.1ms)[0m  [1m[34mSELECT "books".* FROM "books"[0m
  ↳ app/views/books/index.html.erb:6
  Rendered books/_book.html.erb (Duration: 0.2ms | Allocations: 19)
  Rendered books/index.html.erb within layouts/application (Duration: 4.1ms | Allocations: 1310)
  Rendered /usr/local/rvm/gems/ruby-3.0.0/gems/hotwire-livereload-1.3.1/app/views/hotwire/livereload/_head_action_cable.html.erb (Duration: 1.5ms | Allocations: 753)
  Rendered layout layouts/application.html.erb (Duration: 9.8ms | Allocations: 3289)
Completed 200 OK in 11ms (Views: 10.3ms | ActiveRecord: 0.1ms | Allocations: 3617)


Started GET "/books/new" for ::1 at 2024-02-26 15:30:48 +0300
Processing by BooksController#new as HTML
  Rendering layout layouts/application.html.erb
  Rendering books/new.html.erb within layouts/application
  Rendered books/_form.html.erb (Duration: 1.9ms | Allocations: 1183)
  Rendered books/new.html.erb within layouts/application (Duration: 2.2ms | Allocations: 1258)
  Rendered /usr/local/rvm/gems/ruby-3.0.0/gems/hotwire-livereload-1.3.1/app/views/hotwire/livereload/_head_action_cable.html.erb (Duration: 1.2ms | Allocations: 753)
  Rendered layout layouts/application.html.erb (Duration: 6.5ms | Allocations: 3224)
Completed 200 OK in 8ms (Views: 7.1ms | ActiveRecord: 0.0ms | Allocations: 3554)


Started GET "/books/1" for ::1 at 2024-02-26 15:30:48 +0300
Processing by BooksController#show as HTML
  Parameters: {"id"=>"1"}
  [1m[36mBook Load (0.1ms)[0m  [1m[34mSELECT "books".* FROM "books" WHERE "books"."id" = ? LIMIT ?[0m  [["id", 1], ["LIMIT", 1]]
  ↳ app/controllers/books_controller.rb:63:in `set_book'
  Rendering layout layouts/application.html.erb
  Rendering books/show.html.erb within layouts/application
  Rendered books/_book.html.erb (Duration: 0.1ms | Allocations: 19)
  Rendered books/show.html.erb within layouts/application (Duration: 1.8ms | Allocations: 892)
  Rendered /usr/local/rvm/gems/ruby-3.0.0/gems/hotwire-livereload-1.3.1/app/views/hotwire/livereload/_head_action_cable.html.erb (Duration: 0.8ms | Allocations: 753)
  Rendered layout layouts/application.html.erb (Duration: 5.9ms | Allocations: 2854)
Completed 200 OK in 9ms (Views: 6.7ms | ActiveRecord: 0.1ms | Allocations: 3673)


Started GET "/books/1/edit" for ::1 at 2024-02-26 15:30:50 +0300
Processing by BooksController#edit as HTML
  Parameters: {"id"=>"1"}
  [1m[36mBook Load (0.1ms)[0m  [1m[34mSELECT "books".* FROM "books" WHERE "books"."id" = ? LIMIT ?[0m  [["id", 1], ["LIMIT", 1]]
  ↳ app/controllers/books_controller.rb:63:in `set_book'
  Rendering layout layouts/application.html.erb
  Rendering books/edit.html.erb within layouts/application
  Rendered books/_form.html.erb (Duration: 4.5ms | Allocations: 1233)
  Rendered books/edit.html.erb within layouts/application (Duration: 6.7ms | Allocations: 1504)
  Rendered /usr/local/rvm/gems/ruby-3.0.0/gems/hotwire-livereload-1.3.1/app/views/hotwire/livereload/_head_action_cable.html.erb (Duration: 2.3ms | Allocations: 753)
  Rendered layout layouts/application.html.erb (Duration: 13.5ms | Allocations: 3466)
Completed 200 OK in 18ms (Views: 14.8ms | ActiveRecord: 0.1ms | Allocations: 4334)


Started GET "/books" for ::1 at 2024-02-26 15:30:50 +0300
Processing by BooksController#index as HTML
  Rendering layout layouts/application.html.erb
  Rendering books/index.html.erb within layouts/application
  [1m[36mBook Load (0.1ms)[0m  [1m[34mSELECT "books".* FROM "books"[0m
  ↳ app/views/books/index.html.erb:6
  Rendered books/_book.html.erb (Duration: 0.1ms | Allocations: 19)
  Rendered books/index.html.erb within layouts/application (Duration: 3.1ms | Allocations: 1285)
  Rendered /usr/local/rvm/gems/ruby-3.0.0/gems/hotwire-livereload-1.3.1/app/views/hotwire/livereload/_head_action_cable.html.erb (Duration: 2.2ms | Allocations: 753)
  Rendered layout layouts/application.html.erb (Duration: 9.1ms | Allocations: 3264)
Completed 200 OK in 10ms (Views: 9.8ms | ActiveRecord: 0.1ms | Allocations: 3592)


Started DELETE "/books/1" for ::1 at 2024-02-26 15:30:50 +0300
Processing by BooksController#destroy as TURBO_STREAM
  Parameters: {"authenticity_token"=>"[FILTERED]", "id"=>"1"}
  [1m[36mBook Load (0.1ms)[0m  [1m[34mSELECT "books".* FROM "books" WHERE "books"."id" = ? LIMIT ?[0m  [["id", 1], ["LIMIT", 1]]
  ↳ app/controllers/books_controller.rb:63:in `set_book'
  [1m[36mTRANSACTION (0.1ms)[0m  [1m[36mbegin transaction[0m
  ↳ app/controllers/books_controller.rb:52:in `destroy'
  [1m[36mBook Destroy (1.1ms)[0m  [1m[31mDELETE FROM "books" WHERE "books"."id" = ?[0m  [["id", 1]]
  ↳ app/controllers/books_controller.rb:52:in `destroy'
  [1m[36mTRANSACTION (0.1ms)[0m  [1m[36mcommit transaction[0m
  ↳ app/controllers/books_controller.rb:52:in `destroy'
Redirected to http://localhost:3000/books
Completed 302 Found in 6ms (ActiveRecord: 1.4ms | Allocations: 2953)


Started GET "/books" for ::1 at 2024-02-26 15:30:50 +0300
Processing by BooksController#index as TURBO_STREAM
  Rendering layout layouts/application.html.erb
  Rendering books/index.html.erb within layouts/application
  [1m[36mBook Load (0.1ms)[0m  [1m[34mSELECT "books".* FROM "books"[0m
  ↳ app/views/books/index.html.erb:6
  Rendered books/index.html.erb within layouts/application (Duration: 1.8ms | Allocations: 1180)
  Rendered /usr/local/rvm/gems/ruby-3.0.0/gems/hotwire-livereload-1.3.1/app/views/hotwire/livereload/_head_action_cable.html.erb (Duration: 0.9ms | Allocations: 754)
  Rendered layout layouts/application.html.erb (Duration: 5.2ms | Allocations: 3160)
Completed 200 OK in 6ms (Views: 5.7ms | ActiveRecord: 0.1ms | Allocations: 3491)


Started GET "/books/new" for ::1 at 2024-02-26 15:30:51 +0300
Processing by BooksController#new as HTML
  Rendering layout layouts/application.html.erb
  Rendering books/new.html.erb within layouts/application
  Rendered books/_form.html.erb (Duration: 2.6ms | Allocations: 1189)
  Rendered books/new.html.erb within layouts/application (Duration: 3.0ms | Allocations: 1264)
  Rendered /usr/local/rvm/gems/ruby-3.0.0/gems/hotwire-livereload-1.3.1/app/views/hotwire/livereload/_head_action_cable.html.erb (Duration: 2.0ms | Allocations: 753)
  Rendered layout layouts/application.html.erb (Duration: 7.9ms | Allocations: 3230)
Completed 200 OK in 10ms (Views: 9.0ms | ActiveRecord: 0.0ms | Allocations: 3560)


